#
# An unexpected error has occurred (11)
#
Stack:
/sw/xilinx/Vivado/2020.2/Vivado/2020.2/tps/lnx64/jre11.0.2/lib//server/libjvm.so(+0xc04c3b) [0x7ff24058dc3b]
/sw/xilinx/Vivado/2020.2/Vivado/2020.2/tps/lnx64/jre11.0.2/lib//server/libjvm.so(JVM_handle_linux_signal+0x14e) [0x7ff2405928de]
/sw/xilinx/Vivado/2020.2/Vivado/2020.2/tps/lnx64/jre11.0.2/lib//server/libjvm.so(+0xbfd538) [0x7ff240586538]
/lib64/libc.so.6(+0x36400) [0x7ff29d9c6400]
/sw/xilinx/Vivado/2020.2/Vivado/2020.2/lib/lnx64.o/librdi_simbridge_kernel.so(SimBridge::CArray::empty() const+0) [0x7ff247708a00]
/sw/xilinx/Vivado/2020.2/Vivado/2020.2/lib/lnx64.o/librdi_simbridge_kernel.so(SimBridge::WdbEventBlock::addBlock(SimBridge::WdbIBlockManager&, unsigned int&) const+0x1c) [0x7ff2477090dc]
/sw/xilinx/Vivado/2020.2/Vivado/2020.2/lib/lnx64.o/librdi_simbridge_kernel.so(SimBridge::WdbMultipleBucketEventDatabase::getEventBlockDatabaseIterator(std::vector<SimBridge::WdbScalarBTree*, std::allocator<SimBridge::WdbScalarBTree*> > const&, std::vector<boost::shared_ptr<SimBridge::WdbIEventBlockIterator>, std::allocator<boost::shared_ptr<SimBridge::WdbIEventBlockIterator> > >&, std::vector<std::vector<SimBridge::WdbScalarBTree*, std::allocator<SimBridge::WdbScalarBTree*> >, std::allocator<std::vector<SimBridge::WdbScalarBTree*, std::allocator<SimBridge::WdbScalarBTree*> > > >&) const+0x691) [0x7ff247723071]
/sw/xilinx/Vivado/2020.2/Vivado/2020.2/lib/lnx64.o/librdi_simbridge_kernel.so(SimBridge::WdbAddressBTreeManager::scanWdbDatabaseMultiThread(std::vector<SimBridge::WdbScalarBTree*, std::allocator<SimBridge::WdbScalarBTree*> > const&, ISIM::IGuiStatus*)+0xf0) [0x7ff2476ffee0]
/sw/xilinx/Vivado/2020.2/Vivado/2020.2/lib/lnx64.o/librdi_wavedata.so(SimBridge::DataObjMgr::createDrawingBTree(std::vector<SimBridge::IDataObj const*, std::allocator<SimBridge::IDataObj const*> > const&, ISIM::IGuiStatus*, bool)+0x32a) [0x7ff252a8958a]
/sw/xilinx/Vivado/2020.2/Vivado/2020.2/lib/lnx64.o/librdi_wavedata.so(+0x2df6b2) [0x7ff252b486b2]
/sw/xilinx/Vivado/2020.2/Vivado/2020.2/lib/lnx64.o/librdi_wavedata.so(+0x2df95c) [0x7ff252b4895c]
/sw/xilinx/Vivado/2020.2/Vivado/2020.2/lib/lnx64.o/librdi_wavedata.so(SG_Model::ModelImp::updateData(SG_Model::WVDataObject*, bool)+0x30f) [0x7ff252b4290f]
/sw/xilinx/Vivado/2020.2/Vivado/2020.2/lib/lnx64.o/librdi_wavedata.so(SG_Model::ModelImp::updateData(SG_Model::WVDataObject*, bool)+0x18f) [0x7ff252b4278f]
/sw/xilinx/Vivado/2020.2/Vivado/2020.2/lib/lnx64.o/librdi_wavedata.so(SG_Model::ModelImp::updateData()+0x96b) [0x7ff252b435fb]
/sw/xilinx/Vivado/2020.2/Vivado/2020.2/lib/lnx64.o/librdi_wavedata.so(SG_Model::Model::read(std::__cxx11::basic_string<char, std::char_traits<char>, std::allocator<char> > const&, SG_Model::IReporter&, ISIM::IGuiStatus*)+0x20d) [0x7ff252b44d8d]
/sw/xilinx/Vivado/2020.2/Vivado/2020.2/lib/lnx64.o/librdi_wavedata.so(WVDAppInterface::WVDWindowManager::openWcfg(std::__cxx11::basic_string<char, std::char_traits<char>, std::allocator<char> > const&, SG_Model::IDesignManager::ConnectMode, ISIM::IGuiStatus*)+0x143) [0x7ff252a0ce03]
/sw/xilinx/Vivado/2020.2/Vivado/2020.2/lib/lnx64.o/librdi_wavedatatasks.so(+0xa2ad3) [0x7ff2074e4ad3]
/sw/xilinx/Vivado/2020.2/Vivado/2020.2/lib/lnx64.o/librdi_common.so(+0x9cfb1d) [0x7ff29eed5b1d]
/sw/xilinx/Vivado/2020.2/Vivado/2020.2/lib/lnx64.o/libtcl8.5.so(+0x3356f) [0x7ff298d1356f]
/sw/xilinx/Vivado/2020.2/Vivado/2020.2/lib/lnx64.o/libtcl8.5.so(Tcl_EvalObjv+0x32) [0x7ff298d136a2]
/sw/xilinx/Vivado/2020.2/Vivado/2020.2/lib/lnx64.o/libtcl8.5.so(TclEvalObjEx+0x322) [0x7ff298d154c2]
/sw/xilinx/Vivado/2020.2/Vivado/2020.2/lib/lnx64.o/librdi_common.so(hdi::tcltasks::task_manager::eval_in_tcl(Tcl_Interp*, Tcl_Obj*, char const*, bool)+0xb59) [0x7ff29eed7929]
/sw/xilinx/Vivado/2020.2/Vivado/2020.2/lib/lnx64.o/librdi_simtcltasks.so(+0x13b056) [0x7ff20430c056]
/sw/xilinx/Vivado/2020.2/Vivado/2020.2/lib/lnx64.o/librdi_common.so(+0x9cfb1d) [0x7ff29eed5b1d]
/sw/xilinx/Vivado/2020.2/Vivado/2020.2/lib/lnx64.o/libtcl8.5.so(+0x3356f) [0x7ff298d1356f]
/sw/xilinx/Vivado/2020.2/Vivado/2020.2/lib/lnx64.o/libtcl8.5.so(+0x34bf8) [0x7ff298d14bf8]
/sw/xilinx/Vivado/2020.2/Vivado/2020.2/lib/lnx64.o/libtcl8.5.so(Tcl_EvalEx+0x13) [0x7ff298d15163]
/sw/xilinx/Vivado/2020.2/Vivado/2020.2/lib/lnx64.o/libtcl8.5.so(TclEvalObjEx+0x1e0) [0x7ff298d15380]
/sw/xilinx/Vivado/2020.2/Vivado/2020.2/lib/lnx64.o/libtcl8.5.so(+0x3b445) [0x7ff298d1b445]
/sw/xilinx/Vivado/2020.2/Vivado/2020.2/lib/lnx64.o/libtcl8.5.so(+0x3356f) [0x7ff298d1356f]
/sw/xilinx/Vivado/2020.2/Vivado/2020.2/lib/lnx64.o/libtcl8.5.so(+0x76945) [0x7ff298d56945]
/sw/xilinx/Vivado/2020.2/Vivado/2020.2/lib/lnx64.o/libtcl8.5.so(+0x7e0f9) [0x7ff298d5e0f9]
/sw/xilinx/Vivado/2020.2/Vivado/2020.2/lib/lnx64.o/libtcl8.5.so(TclEvalObjEx+0x76) [0x7ff298d15216]
/sw/xilinx/Vivado/2020.2/Vivado/2020.2/lib/lnx64.o/librdi_commontasks.so(+0x1dba74) [0x7ff28b113a74]
/sw/xilinx/Vivado/2020.2/Vivado/2020.2/lib/lnx64.o/libtcl8.5.so(+0x3356f) [0x7ff298d1356f]
/sw/xilinx/Vivado/2020.2/Vivado/2020.2/lib/lnx64.o/libtcl8.5.so(+0x76945) [0x7ff298d56945]
/sw/xilinx/Vivado/2020.2/Vivado/2020.2/lib/lnx64.o/libtcl8.5.so(TclObjInterpProcCore+0x420) [0x7ff298d97ed0]
/sw/xilinx/Vivado/2020.2/Vivado/2020.2/lib/lnx64.o/libtcl8.5.so(+0x3356f) [0x7ff298d1356f]
/sw/xilinx/Vivado/2020.2/Vivado/2020.2/lib/lnx64.o/libtcl8.5.so(Tcl_EvalObjv+0x32) [0x7ff298d136a2]
/sw/xilinx/Vivado/2020.2/Vivado/2020.2/lib/lnx64.o/libtcl8.5.so(TclEvalObjEx+0x322) [0x7ff298d154c2]
/sw/xilinx/Vivado/2020.2/Vivado/2020.2/lib/lnx64.o/librdi_tcltasks.so(SimUtils::detail::execStep(Tcl_Interp*, std::__cxx11::basic_ostringstream<char, std::char_traits<char>, std::allocator<char> >&, std::__cxx11::basic_string<char, std::char_traits<char>, std::allocator<char> > const&, std::__cxx11::basic_string<char, std::char_traits<char>, std::allocator<char> > const&, std::__cxx11::basic_string<char, std::char_traits<char>, std::allocator<char> >&, bool&)+0x1ee) [0x7ff28866c1fe]
/sw/xilinx/Vivado/2020.2/Vivado/2020.2/lib/lnx64.o/librdi_tcltasks.so(SimUtils::detail::execSimStep(Tcl_Interp*, std::__cxx11::basic_ostringstream<char, std::char_traits<char>, std::allocator<char> >&, HAPUFSimulator*, HAPUFSimulator::TclProc, std::__cxx11::basic_string<char, std::char_traits<char>, std::allocator<char> > const&, bool, HADAFileSet*, std::__cxx11::basic_string<char, std::char_traits<char>, std::allocator<char> > const&, HAPUFSimulator::SimulationStep, bool, HDGUIStatus*)+0x75) [0x7ff28866c435]
/sw/xilinx/Vivado/2020.2/Vivado/2020.2/lib/lnx64.o/librdi_tcltasks.so(HTCSimUtils::executeStep(Tcl_Interp*, HADAFileSet*, HADAFileSet*, HAPUFSimulator*, HDGUIStatus*, std::__cxx11::basic_string<char, std::char_traits<char>, std::allocator<char> > const&, std::__cxx11::basic_string<char, std::char_traits<char>, std::allocator<char> > const&, std::__cxx11::basic_string<char, std::char_traits<char>, std::allocator<char> > const&, bool, bool, bool, std::__cxx11::basic_ostringstream<char, std::char_traits<char>, std::allocator<char> >&)+0x4b7) [0x7ff28866ca97]
/sw/xilinx/Vivado/2020.2/Vivado/2020.2/lib/lnx64.o/librdi_tcltasks.so(+0x1927eec) [0x7ff288612eec]
/sw/xilinx/Vivado/2020.2/Vivado/2020.2/lib/lnx64.o/librdi_common.so(+0x9cfb1d) [0x7ff29eed5b1d]
/sw/xilinx/Vivado/2020.2/Vivado/2020.2/lib/lnx64.o/libtcl8.5.so(+0x3356f) [0x7ff298d1356f]
/sw/xilinx/Vivado/2020.2/Vivado/2020.2/lib/lnx64.o/libtcl8.5.so(+0x76945) [0x7ff298d56945]
/sw/xilinx/Vivado/2020.2/Vivado/2020.2/lib/lnx64.o/libtcl8.5.so(+0x7e0f9) [0x7ff298d5e0f9]
/sw/xilinx/Vivado/2020.2/Vivado/2020.2/lib/lnx64.o/libtcl8.5.so(TclEvalObjEx+0x76) [0x7ff298d15216]
/sw/xilinx/Vivado/2020.2/Vivado/2020.2/lib/lnx64.o/librdi_common.so(+0x9ce041) [0x7ff29eed4041]
/sw/xilinx/Vivado/2020.2/Vivado/2020.2/lib/lnx64.o/libtcl8.5.so(Tcl_ServiceEvent+0x7f) [0x7ff298d87bef]
/sw/xilinx/Vivado/2020.2/Vivado/2020.2/lib/lnx64.o/libtcl8.5.so(Tcl_DoOneEvent+0x154) [0x7ff298d87f24]
/sw/xilinx/Vivado/2020.2/Vivado/2020.2/lib/lnx64.o/librdi_commontasks.so(+0x23caa5) [0x7ff28b174aa5]
/sw/xilinx/Vivado/2020.2/Vivado/2020.2/lib/lnx64.o/librdi_commontasks.so(+0x23fbb5) [0x7ff28b177bb5]
/sw/xilinx/Vivado/2020.2/Vivado/2020.2/lib/lnx64.o/librdi_commontasks.so(+0x240bde) [0x7ff28b178bde]
/sw/xilinx/Vivado/2020.2/Vivado/2020.2/lib/lnx64.o/librdi_common.so(+0x9cfb1d) [0x7ff29eed5b1d]
/sw/xilinx/Vivado/2020.2/Vivado/2020.2/lib/lnx64.o/libtcl8.5.so(+0x3356f) [0x7ff298d1356f]
/sw/xilinx/Vivado/2020.2/Vivado/2020.2/lib/lnx64.o/libtcl8.5.so(+0x76945) [0x7ff298d56945]
/sw/xilinx/Vivado/2020.2/Vivado/2020.2/lib/lnx64.o/libtcl8.5.so(+0x7e0f9) [0x7ff298d5e0f9]
/sw/xilinx/Vivado/2020.2/Vivado/2020.2/lib/lnx64.o/libtcl8.5.so(TclEvalObjEx+0x76) [0x7ff298d15216]
/sw/xilinx/Vivado/2020.2/Vivado/2020.2/lib/lnx64.o/librdi_commonmain.so(+0xad53) [0x7ff29e2fed53]
/sw/xilinx/Vivado/2020.2/Vivado/2020.2/lib/lnx64.o/libtcl8.5.so(Tcl_Main+0x1d0) [0x7ff298d802f0]
/sw/xilinx/Vivado/2020.2/Vivado/2020.2/lib/lnx64.o/librdi_common.so(+0xa1442b) [0x7ff29ef1a42b]
/lib64/libpthread.so.0(+0x7ea5) [0x7ff29d77bea5]
/lib64/libc.so.6(clone+0x6d) [0x7ff29da8eb0d]
